TN:
SF:itinerary.js
FN:2,(anonymous_0)
FNF:1
FNH:1
FNDA:8,(anonymous_0)
DA:3,8
DA:7,2
LF:2
LH:2
BRF:0
BRH:0
end_of_record
TN:
SF:port.js
FN:2,(anonymous_0)
FN:6,(anonymous_1)
FN:10,(anonymous_2)
FNF:3
FNH:3
FNDA:13,(anonymous_0)
FNDA:10,(anonymous_1)
FNDA:4,(anonymous_2)
DA:3,13
DA:4,13
DA:7,10
DA:8,10
DA:11,4
DA:12,4
DA:13,4
DA:18,3
LF:8
LH:8
BRF:0
BRH:0
end_of_record
TN:
SF:ship.js
FN:2,(anonymous_0)
FN:9,(anonymous_1)
FN:21,(anonymous_2)
FNF:3
FNH:3
FNDA:6,(anonymous_0)
FNDA:4,(anonymous_1)
FNDA:2,(anonymous_2)
DA:3,6
DA:4,6
DA:5,6
DA:6,6
DA:10,4
DA:11,4
DA:13,4
DA:14,1
DA:16,3
DA:17,3
DA:18,3
DA:22,2
DA:23,2
DA:25,2
DA:29,1
LF:15
LH:15
BRDA:13,0,0,1
BRDA:13,0,1,3
BRF:2
BRH:2
end_of_record
